biasdis.0.0.mnli.roberta-base.vanillia.1.ckpt	60.15
biasdis.0.0.mnli.roberta-base.vanillia.42.ckpt	60.15
biasdis.0.0.mnli.roberta-base.vanillia.100.ckpt	60.15
biasdis.0.0.mnli.roberta-base.debiased.1.ckpt	60.15
biasdis.0.0.mnli.roberta-base.debiased.42.ckpt	60.15
biasdis.0.0.mnli.roberta-base.debiased.100.ckpt	60.15
biasdis.0.0.jigsaw-gender.roberta-base.vanillia.1.ckpt	60.15
biasdis.0.0.jigsaw-gender.roberta-base.vanillia.42.ckpt	60.15
biasdis.0.0.jigsaw-gender.roberta-base.vanillia.100.ckpt	60.15
biasdis.0.0.jigsaw-gender.roberta-base.debiased.1.ckpt	60.15
biasdis.0.0.jigsaw-gender.roberta-base.debiased.42.ckpt	60.15
biasdis.0.0.jigsaw-gender.roberta-base.debiased.100.ckpt	60.15
biasdis.0.0.snli.roberta-base.vanillia.1.ckpt	60.15
biasdis.0.0.snli.roberta-base.vanillia.42.ckpt	60.15
biasdis.0.0.snli.roberta-base.vanillia.100.ckpt	60.15
biasdis.0.0.snli.roberta-base.debiased.1.ckpt	60.15
biasdis.0.0.snli.roberta-base.debiased.42.ckpt	60.15
biasdis.0.0.snli.roberta-base.debiased.100.ckpt	60.15
biasdis.0.25.mnli.roberta-base.vanillia.1.ckpt	60.15
biasdis.0.25.mnli.roberta-base.vanillia.42.ckpt	60.15
biasdis.0.25.mnli.roberta-base.vanillia.100.ckpt	60.15
biasdis.0.25.mnli.roberta-base.debiased.1.ckpt	60.15
biasdis.0.25.mnli.roberta-base.debiased.42.ckpt	60.15
biasdis.0.25.mnli.roberta-base.debiased.100.ckpt	60.15
biasdis.0.25.jigsaw-gender.roberta-base.vanillia.1.ckpt	60.15
biasdis.0.25.jigsaw-gender.roberta-base.vanillia.42.ckpt	60.15
biasdis.0.25.jigsaw-gender.roberta-base.vanillia.100.ckpt	60.15
biasdis.0.25.jigsaw-gender.roberta-base.debiased.1.ckpt	60.15
biasdis.0.25.jigsaw-gender.roberta-base.debiased.42.ckpt	60.15
biasdis.0.25.jigsaw-gender.roberta-base.debiased.100.ckpt	60.15
biasdis.0.25.snli.roberta-base.vanillia.1.ckpt	60.15
biasdis.0.25.snli.roberta-base.vanillia.42.ckpt	60.15
biasdis.0.25.snli.roberta-base.vanillia.100.ckpt	60.15
biasdis.0.25.snli.roberta-base.debiased.1.ckpt	60.15
biasdis.0.25.snli.roberta-base.debiased.42.ckpt	60.15
biasdis.0.25.snli.roberta-base.debiased.100.ckpt	60.15
biasdis.0.5.mnli.roberta-base.vanillia.1.ckpt	60.15
biasdis.0.5.mnli.roberta-base.vanillia.42.ckpt	60.15
biasdis.0.5.mnli.roberta-base.vanillia.100.ckpt	60.15
biasdis.0.5.mnli.roberta-base.debiased.1.ckpt	60.15
biasdis.0.5.mnli.roberta-base.debiased.42.ckpt	60.15
biasdis.0.5.mnli.roberta-base.debiased.100.ckpt	60.15
biasdis.0.5.jigsaw-gender.roberta-base.vanillia.1.ckpt	60.15
biasdis.0.5.jigsaw-gender.roberta-base.vanillia.42.ckpt	60.15
biasdis.0.5.jigsaw-gender.roberta-base.vanillia.100.ckpt	60.15
biasdis.0.5.jigsaw-gender.roberta-base.debiased.1.ckpt	60.15
biasdis.0.5.jigsaw-gender.roberta-base.debiased.42.ckpt	60.15
biasdis.0.5.jigsaw-gender.roberta-base.debiased.100.ckpt	60.15
biasdis.0.5.snli.roberta-base.vanillia.1.ckpt	60.15
biasdis.0.5.snli.roberta-base.vanillia.42.ckpt	60.15
biasdis.0.5.snli.roberta-base.vanillia.100.ckpt	60.15
biasdis.0.5.snli.roberta-base.debiased.1.ckpt	60.15
biasdis.0.5.snli.roberta-base.debiased.42.ckpt	60.15
biasdis.0.5.snli.roberta-base.debiased.100.ckpt	60.15
biasdis.0.75.mnli.roberta-base.vanillia.1.ckpt	60.15
biasdis.0.75.mnli.roberta-base.vanillia.42.ckpt	60.15
biasdis.0.75.mnli.roberta-base.vanillia.100.ckpt	60.15
biasdis.0.75.mnli.roberta-base.debiased.1.ckpt	60.15
biasdis.0.75.mnli.roberta-base.debiased.42.ckpt	60.15
biasdis.0.75.mnli.roberta-base.debiased.100.ckpt	60.15
biasdis.0.75.jigsaw-gender.roberta-base.vanillia.1.ckpt	60.15
biasdis.0.75.jigsaw-gender.roberta-base.vanillia.42.ckpt	60.15
biasdis.0.75.jigsaw-gender.roberta-base.vanillia.100.ckpt	60.15
biasdis.0.75.jigsaw-gender.roberta-base.debiased.1.ckpt	60.15
biasdis.0.75.jigsaw-gender.roberta-base.debiased.42.ckpt	60.15
biasdis.0.75.jigsaw-gender.roberta-base.debiased.100.ckpt	60.15
biasdis.0.75.snli.roberta-base.vanillia.1.ckpt	60.15
biasdis.0.75.snli.roberta-base.vanillia.42.ckpt	60.15
biasdis.0.75.snli.roberta-base.vanillia.100.ckpt	60.15
biasdis.0.75.snli.roberta-base.debiased.1.ckpt	60.15
biasdis.0.75.snli.roberta-base.debiased.42.ckpt	60.15
biasdis.0.75.snli.roberta-base.debiased.100.ckpt	60.15
biasdis.1.0.mnli.roberta-base.vanillia.1.ckpt	60.15
biasdis.1.0.mnli.roberta-base.vanillia.42.ckpt	60.15
biasdis.1.0.mnli.roberta-base.vanillia.100.ckpt	60.15
biasdis.1.0.mnli.roberta-base.debiased.1.ckpt	60.15
biasdis.1.0.mnli.roberta-base.debiased.42.ckpt	60.15
biasdis.1.0.mnli.roberta-base.debiased.100.ckpt	60.15
biasdis.1.0.jigsaw-gender.roberta-base.vanillia.1.ckpt	60.15
biasdis.1.0.jigsaw-gender.roberta-base.vanillia.42.ckpt	60.15
biasdis.1.0.jigsaw-gender.roberta-base.vanillia.100.ckpt	60.15
biasdis.1.0.jigsaw-gender.roberta-base.debiased.1.ckpt	60.15
biasdis.1.0.jigsaw-gender.roberta-base.debiased.42.ckpt	60.15
biasdis.1.0.jigsaw-gender.roberta-base.debiased.100.ckpt	60.15
biasdis.1.0.snli.roberta-base.vanillia.1.ckpt	60.15
biasdis.1.0.snli.roberta-base.vanillia.42.ckpt	60.15
biasdis.1.0.snli.roberta-base.vanillia.100.ckpt	60.15
biasdis.1.0.snli.roberta-base.debiased.1.ckpt	60.15
biasdis.1.0.snli.roberta-base.debiased.42.ckpt	60.15
biasdis.1.0.snli.roberta-base.debiased.100.ckpt	60.15
biasdis.0.0.mnli.bert-base-uncased.vanillia.1.ckpt	57.25
biasdis.0.0.mnli.bert-base-uncased.vanillia.42.ckpt	57.25
biasdis.0.0.mnli.bert-base-uncased.vanillia.100.ckpt	57.25
biasdis.0.0.mnli.bert-base-uncased.debiased.1.ckpt	57.25
biasdis.0.0.mnli.bert-base-uncased.debiased.42.ckpt	57.25
biasdis.0.0.mnli.bert-base-uncased.debiased.100.ckpt	57.25
biasdis.0.0.jigsaw-gender.bert-base-uncased.vanillia.1.ckpt	57.25
biasdis.0.0.jigsaw-gender.bert-base-uncased.vanillia.42.ckpt	57.25
biasdis.0.0.jigsaw-gender.bert-base-uncased.vanillia.100.ckpt	57.25
biasdis.0.0.jigsaw-gender.bert-base-uncased.debiased.1.ckpt	57.25
biasdis.0.0.jigsaw-gender.bert-base-uncased.debiased.42.ckpt	57.25
biasdis.0.0.jigsaw-gender.bert-base-uncased.debiased.100.ckpt	57.25
biasdis.0.0.snli.bert-base-uncased.vanillia.1.ckpt	57.25
biasdis.0.0.snli.bert-base-uncased.vanillia.42.ckpt	57.25
biasdis.0.0.snli.bert-base-uncased.vanillia.100.ckpt	57.25
biasdis.0.0.snli.bert-base-uncased.debiased.1.ckpt	57.25
biasdis.0.0.snli.bert-base-uncased.debiased.42.ckpt	57.25
biasdis.0.0.snli.bert-base-uncased.debiased.100.ckpt	57.25
biasdis.0.25.mnli.bert-base-uncased.vanillia.1.ckpt	57.25
biasdis.0.25.mnli.bert-base-uncased.vanillia.42.ckpt	57.25
biasdis.0.25.mnli.bert-base-uncased.vanillia.100.ckpt	57.25
biasdis.0.25.mnli.bert-base-uncased.debiased.1.ckpt	57.25
biasdis.0.25.mnli.bert-base-uncased.debiased.42.ckpt	57.25
biasdis.0.25.mnli.bert-base-uncased.debiased.100.ckpt	57.25
biasdis.0.25.jigsaw-gender.bert-base-uncased.vanillia.1.ckpt	57.25
biasdis.0.25.jigsaw-gender.bert-base-uncased.vanillia.42.ckpt	57.25
biasdis.0.25.jigsaw-gender.bert-base-uncased.vanillia.100.ckpt	57.25
biasdis.0.25.jigsaw-gender.bert-base-uncased.debiased.1.ckpt	57.25
biasdis.0.25.jigsaw-gender.bert-base-uncased.debiased.42.ckpt	57.25
biasdis.0.25.jigsaw-gender.bert-base-uncased.debiased.100.ckpt	57.25
biasdis.0.25.snli.bert-base-uncased.vanillia.1.ckpt	57.25
biasdis.0.25.snli.bert-base-uncased.vanillia.42.ckpt	57.25
biasdis.0.25.snli.bert-base-uncased.vanillia.100.ckpt	57.25
biasdis.0.25.snli.bert-base-uncased.debiased.1.ckpt	57.25
biasdis.0.25.snli.bert-base-uncased.debiased.42.ckpt	57.25
biasdis.0.25.snli.bert-base-uncased.debiased.100.ckpt	57.25
biasdis.0.5.mnli.bert-base-uncased.vanillia.1.ckpt	57.25
biasdis.0.5.mnli.bert-base-uncased.vanillia.42.ckpt	57.25
biasdis.0.5.mnli.bert-base-uncased.vanillia.100.ckpt	57.25
biasdis.0.5.mnli.bert-base-uncased.debiased.1.ckpt	57.25
biasdis.0.5.mnli.bert-base-uncased.debiased.42.ckpt	57.25
biasdis.0.5.mnli.bert-base-uncased.debiased.100.ckpt	57.25
biasdis.0.5.jigsaw-gender.bert-base-uncased.vanillia.1.ckpt	57.25
biasdis.0.5.jigsaw-gender.bert-base-uncased.vanillia.42.ckpt	57.25
biasdis.0.5.jigsaw-gender.bert-base-uncased.vanillia.100.ckpt	57.25
biasdis.0.5.jigsaw-gender.bert-base-uncased.debiased.1.ckpt	57.25
biasdis.0.5.jigsaw-gender.bert-base-uncased.debiased.42.ckpt	57.25
biasdis.0.5.jigsaw-gender.bert-base-uncased.debiased.100.ckpt	57.25
biasdis.0.5.snli.bert-base-uncased.vanillia.1.ckpt	57.25
biasdis.0.5.snli.bert-base-uncased.vanillia.42.ckpt	57.25
biasdis.0.5.snli.bert-base-uncased.vanillia.100.ckpt	57.25
biasdis.0.5.snli.bert-base-uncased.debiased.1.ckpt	57.25
biasdis.0.5.snli.bert-base-uncased.debiased.42.ckpt	57.25
biasdis.0.5.snli.bert-base-uncased.debiased.100.ckpt	57.25
biasdis.0.75.mnli.bert-base-uncased.vanillia.1.ckpt	57.25
biasdis.0.75.mnli.bert-base-uncased.vanillia.42.ckpt	57.25
biasdis.0.75.mnli.bert-base-uncased.vanillia.100.ckpt	57.25
biasdis.0.75.mnli.bert-base-uncased.debiased.1.ckpt	57.25
biasdis.0.75.mnli.bert-base-uncased.debiased.42.ckpt	57.25
biasdis.0.75.mnli.bert-base-uncased.debiased.100.ckpt	57.25
biasdis.0.75.jigsaw-gender.bert-base-uncased.vanillia.1.ckpt	57.25
biasdis.0.75.jigsaw-gender.bert-base-uncased.vanillia.42.ckpt	57.25
biasdis.0.75.jigsaw-gender.bert-base-uncased.vanillia.100.ckpt	57.25
biasdis.0.75.jigsaw-gender.bert-base-uncased.debiased.1.ckpt	57.25
biasdis.0.75.jigsaw-gender.bert-base-uncased.debiased.42.ckpt	57.25
biasdis.0.75.jigsaw-gender.bert-base-uncased.debiased.100.ckpt	57.25
biasdis.0.75.snli.bert-base-uncased.vanillia.1.ckpt	57.25
biasdis.0.75.snli.bert-base-uncased.vanillia.42.ckpt	57.25
biasdis.0.75.snli.bert-base-uncased.vanillia.100.ckpt	57.25
biasdis.0.75.snli.bert-base-uncased.debiased.1.ckpt	57.25
biasdis.0.75.snli.bert-base-uncased.debiased.42.ckpt	57.25
biasdis.0.75.snli.bert-base-uncased.debiased.100.ckpt	57.25
biasdis.1.0.mnli.bert-base-uncased.vanillia.1.ckpt	57.25
biasdis.1.0.mnli.bert-base-uncased.vanillia.42.ckpt	57.25
biasdis.1.0.mnli.bert-base-uncased.vanillia.100.ckpt	57.25
biasdis.1.0.mnli.bert-base-uncased.debiased.1.ckpt	57.25
biasdis.1.0.mnli.bert-base-uncased.debiased.42.ckpt	57.25
biasdis.1.0.mnli.bert-base-uncased.debiased.100.ckpt	57.25
biasdis.1.0.jigsaw-gender.bert-base-uncased.vanillia.1.ckpt	57.25
biasdis.1.0.jigsaw-gender.bert-base-uncased.vanillia.42.ckpt	57.25
biasdis.1.0.jigsaw-gender.bert-base-uncased.vanillia.100.ckpt	57.25
biasdis.1.0.jigsaw-gender.bert-base-uncased.debiased.1.ckpt	57.25
biasdis.1.0.jigsaw-gender.bert-base-uncased.debiased.42.ckpt	57.25
biasdis.1.0.jigsaw-gender.bert-base-uncased.debiased.100.ckpt	57.25
biasdis.1.0.snli.bert-base-uncased.vanillia.1.ckpt	57.25
biasdis.1.0.snli.bert-base-uncased.vanillia.42.ckpt	57.25
biasdis.1.0.snli.bert-base-uncased.vanillia.100.ckpt	57.25
biasdis.1.0.snli.bert-base-uncased.debiased.1.ckpt	57.25
biasdis.1.0.snli.bert-base-uncased.debiased.42.ckpt	57.25
biasdis.1.0.snli.bert-base-uncased.debiased.100.ckpt	57.25