biasdis.0.0.mnli.bert-base-uncased.vanillia.1.ckpt	84.15750890695918	58.63758039210313
biasdis.0.0.mnli.bert-base-uncased.vanillia.42.ckpt	84.18271456549817	57.44939369587046
biasdis.0.0.mnli.bert-base-uncased.vanillia.100.ckpt	83.91237033969418	59.13519499546487
biasdis.0.0.mnli.bert-base-uncased.debiased.1.ckpt	78.07170537460392	54.87837691026096
biasdis.0.0.mnli.bert-base-uncased.debiased.42.ckpt	78.06499030011024	55.659972736834305
biasdis.0.0.mnli.bert-base-uncased.debiased.100.ckpt	78.72519494544733	55.3238224673507
biasdis.0.0.jigsaw-gender.bert-base-uncased.vanillia.1.ckpt	85.37022073378893	59.94047353335209
biasdis.0.0.jigsaw-gender.bert-base-uncased.vanillia.42.ckpt	85.33338774659363	59.70493543696942
biasdis.0.0.jigsaw-gender.bert-base-uncased.vanillia.100.ckpt	85.08102178190883	59.861324351329344
biasdis.0.0.jigsaw-gender.bert-base-uncased.debiased.1.ckpt	78.87108174970493	54.67444887372423
biasdis.0.0.jigsaw-gender.bert-base-uncased.debiased.42.ckpt	78.38943870139522	55.66489973091673
biasdis.0.0.jigsaw-gender.bert-base-uncased.debiased.100.ckpt	77.82814977376447	53.71032725672905
biasdis.0.0.snli.bert-base-uncased.vanillia.1.ckpt	84.6218270531364	58.59027188315045
biasdis.0.0.snli.bert-base-uncased.vanillia.42.ckpt	84.84867609808887	59.08589477877335
biasdis.0.0.snli.bert-base-uncased.vanillia.100.ckpt	86.00601003333387	59.373561496899825
biasdis.0.0.snli.bert-base-uncased.debiased.1.ckpt	77.66756883056233	53.8954716142872
biasdis.0.0.snli.bert-base-uncased.debiased.42.ckpt	77.56096913340792	53.96523254634199
biasdis.0.0.snli.bert-base-uncased.debiased.100.ckpt	78.46793445740224	54.07636177563714
biasdis.0.25.mnli.bert-base-uncased.vanillia.1.ckpt	83.5460079414727	58.57203562073627
biasdis.0.25.mnli.bert-base-uncased.vanillia.42.ckpt	83.90659432558483	58.98285857718643
biasdis.0.25.mnli.bert-base-uncased.vanillia.100.ckpt	83.28800739906437	57.94397497665863
biasdis.0.25.mnli.bert-base-uncased.debiased.1.ckpt	78.41424315083736	54.579243525645325
biasdis.0.25.mnli.bert-base-uncased.debiased.42.ckpt	78.23462698896233	54.9829722076099
biasdis.0.25.mnli.bert-base-uncased.debiased.100.ckpt	77.6182228381129	54.7360486904215
biasdis.0.25.jigsaw-gender.bert-base-uncased.vanillia.1.ckpt	84.04094025849398	60.143036466374795
biasdis.0.25.jigsaw-gender.bert-base-uncased.vanillia.42.ckpt	85.59025621869199	60.04056819501598
biasdis.0.25.jigsaw-gender.bert-base-uncased.vanillia.100.ckpt	84.9749434131493	60.68257920009543
biasdis.0.25.jigsaw-gender.bert-base-uncased.debiased.1.ckpt	77.62921737738081	55.027779621307864
biasdis.0.25.jigsaw-gender.bert-base-uncased.debiased.42.ckpt	78.82238532054872	54.6996020018259
biasdis.0.25.jigsaw-gender.bert-base-uncased.debiased.100.ckpt	78.3770693694482	53.8017006981025
biasdis.0.25.snli.bert-base-uncased.vanillia.1.ckpt	85.47212651213151	59.10045947444749
biasdis.0.25.snli.bert-base-uncased.vanillia.42.ckpt	85.98349295215863	57.75636893323051
biasdis.0.25.snli.bert-base-uncased.vanillia.100.ckpt	85.6980266905804	58.86233179429082
biasdis.0.25.snli.bert-base-uncased.debiased.1.ckpt	78.37112931860557	54.19517334517333
biasdis.0.25.snli.bert-base-uncased.debiased.42.ckpt	77.87646105213572	53.16156755861903
biasdis.0.25.snli.bert-base-uncased.debiased.100.ckpt	77.75901004524191	54.5126713930562
biasdis.0.5.mnli.bert-base-uncased.vanillia.1.ckpt	84.3958416507142	58.29248480340434
biasdis.0.5.mnli.bert-base-uncased.vanillia.42.ckpt	83.90979133818963	58.16558621566117
biasdis.0.5.mnli.bert-base-uncased.vanillia.100.ckpt	84.2984981646151	58.91460163931428
biasdis.0.5.mnli.bert-base-uncased.debiased.1.ckpt	77.87600943580455	53.10441632330687
biasdis.0.5.mnli.bert-base-uncased.debiased.42.ckpt	77.63142278575812	53.42626434220638
biasdis.0.5.mnli.bert-base-uncased.debiased.100.ckpt	77.90120818711524	55.00390935253505
biasdis.0.5.jigsaw-gender.bert-base-uncased.vanillia.1.ckpt	84.81934376588298	60.56127569840714
biasdis.0.5.jigsaw-gender.bert-base-uncased.vanillia.42.ckpt	84.95882885138258	60.181710932560506
biasdis.0.5.jigsaw-gender.bert-base-uncased.vanillia.100.ckpt	85.7997800282158	60.66304201101802
biasdis.0.5.jigsaw-gender.bert-base-uncased.debiased.1.ckpt	76.82328808955495	55.726451581624
biasdis.0.5.jigsaw-gender.bert-base-uncased.debiased.42.ckpt	79.45505477641908	54.321247640138196
biasdis.0.5.jigsaw-gender.bert-base-uncased.debiased.100.ckpt	77.13491523052993	55.20842293823303
biasdis.0.5.snli.bert-base-uncased.vanillia.1.ckpt	85.4192586339013	59.05596617922955
biasdis.0.5.snli.bert-base-uncased.vanillia.42.ckpt	84.92263393038004	58.32831501609612
biasdis.0.5.snli.bert-base-uncased.vanillia.100.ckpt	85.07631390256327	57.91147912742117
biasdis.0.5.snli.bert-base-uncased.debiased.1.ckpt	79.15375669178769	55.22759936308163
biasdis.0.5.snli.bert-base-uncased.debiased.42.ckpt	78.79525327893644	54.15374403485348
biasdis.0.5.snli.bert-base-uncased.debiased.100.ckpt	79.58276958710492	53.781438428489906
biasdis.0.75.mnli.bert-base-uncased.vanillia.1.ckpt	84.1595925619164	59.122355124653986
biasdis.0.75.mnli.bert-base-uncased.vanillia.42.ckpt	84.4283364052979	58.234135986359874
biasdis.0.75.mnli.bert-base-uncased.vanillia.100.ckpt	84.04106179880792	59.06281490641811
biasdis.0.75.mnli.bert-base-uncased.debiased.1.ckpt	78.02531935321791	53.53567728567728
biasdis.0.75.mnli.bert-base-uncased.debiased.42.ckpt	77.78736499170034	54.1017338067563
biasdis.0.75.mnli.bert-base-uncased.debiased.100.ckpt	77.73811488407941	54.03038528835631
biasdis.0.75.jigsaw-gender.bert-base-uncased.vanillia.1.ckpt	84.7246509922047	60.75533700108913
biasdis.0.75.jigsaw-gender.bert-base-uncased.vanillia.42.ckpt	84.62349294790573	60.5545719582951
biasdis.0.75.jigsaw-gender.bert-base-uncased.vanillia.100.ckpt	85.01167180821103	60.00937456309771
biasdis.0.75.jigsaw-gender.bert-base-uncased.debiased.1.ckpt	76.89774797777048	55.3210498609799
biasdis.0.75.jigsaw-gender.bert-base-uncased.debiased.42.ckpt	76.35100778688984	54.92333025314034
biasdis.0.75.jigsaw-gender.bert-base-uncased.debiased.100.ckpt	76.95003140796494	55.30231465741211
biasdis.0.75.snli.bert-base-uncased.vanillia.1.ckpt	85.10067502508781	60.054239219606536
biasdis.0.75.snli.bert-base-uncased.vanillia.42.ckpt	85.1707821672839	59.72322418636761
biasdis.0.75.snli.bert-base-uncased.vanillia.100.ckpt	85.37508684515181	59.09419215078886
biasdis.0.75.snli.bert-base-uncased.debiased.1.ckpt	79.06543982559724	54.57507510258635
biasdis.0.75.snli.bert-base-uncased.debiased.42.ckpt	78.31869974150085	55.379863524041426
biasdis.0.75.snli.bert-base-uncased.debiased.100.ckpt	79.15654008336418	55.323899295588454
biasdis.1.0.mnli.bert-base-uncased.vanillia.1.ckpt	84.9765397202054	60.25495418476429
biasdis.1.0.mnli.bert-base-uncased.vanillia.42.ckpt	84.38008185708084	60.0396041665407
biasdis.1.0.mnli.bert-base-uncased.vanillia.100.ckpt	83.63616364247297	60.90900007501707
biasdis.1.0.mnli.bert-base-uncased.debiased.1.ckpt	77.82576001885099	53.56215499476369
biasdis.1.0.mnli.bert-base-uncased.debiased.42.ckpt	76.87229367842812	52.60388117629496
biasdis.1.0.mnli.bert-base-uncased.debiased.100.ckpt	77.05138343757785	53.69170556339471
biasdis.1.0.jigsaw-gender.bert-base-uncased.vanillia.1.ckpt	84.53301897955821	59.95861779862279
biasdis.1.0.jigsaw-gender.bert-base-uncased.vanillia.42.ckpt	85.09590186453005	60.59642135309302
biasdis.1.0.jigsaw-gender.bert-base-uncased.vanillia.100.ckpt	85.58559547926113	60.63860564815088
biasdis.1.0.jigsaw-gender.bert-base-uncased.debiased.1.ckpt	76.30433115573047	55.05068314715991
biasdis.1.0.jigsaw-gender.bert-base-uncased.debiased.42.ckpt	77.06099677618917	54.13257180655981
biasdis.1.0.jigsaw-gender.bert-base-uncased.debiased.100.ckpt	78.62332835737384	53.19858813701892
biasdis.1.0.snli.bert-base-uncased.vanillia.1.ckpt	84.84152503658999	59.22285524182077
biasdis.1.0.snli.bert-base-uncased.vanillia.42.ckpt	85.0296688106533	59.30454205316775
biasdis.1.0.snli.bert-base-uncased.vanillia.100.ckpt	84.31882030735103	60.380579482153706
biasdis.1.0.snli.bert-base-uncased.debiased.1.ckpt	78.9937510205751	54.12642370400991
biasdis.1.0.snli.bert-base-uncased.debiased.42.ckpt	79.00202206357879	55.16522353116555
biasdis.1.0.snli.bert-base-uncased.debiased.100.ckpt	78.24416190866715	54.62769768129588