biasdis.100.mnli.bert-base-uncased.debiased.1.ckpt	78.64805724011121	53.45658459574002
biasdis.100.mnli.bert-base-uncased.debiased.42.ckpt	78.9032838036711	53.59847418762961
biasdis.100.mnli.bert-base-uncased.debiased.100.ckpt	78.9012250599457	52.87226483605795
biasdis.100.jigsaw-gender.bert-base-uncased.debiased.1.ckpt	78.58460985310062	53.613419360545805
biasdis.100.jigsaw-gender.bert-base-uncased.debiased.42.ckpt	78.25101339051864	52.57031123410434
biasdis.100.jigsaw-gender.bert-base-uncased.debiased.100.ckpt	78.19783613299357	52.9634995910858
biasdis.100.snli.bert-base-uncased.debiased.1.ckpt	78.48837115140213	53.22499506342586
biasdis.100.snli.bert-base-uncased.debiased.42.ckpt	78.15005147831236	52.32236559412971
biasdis.100.snli.bert-base-uncased.debiased.100.ckpt	78.27168074304508	53.765970379038855
biasdis.500.mnli.bert-base-uncased.debiased.1.ckpt	78.86476454302542	52.98706855086165
biasdis.500.mnli.bert-base-uncased.debiased.42.ckpt	78.58655941482029	52.527911417066846
biasdis.500.mnli.bert-base-uncased.debiased.100.ckpt	78.37267856756861	53.3140923858565
biasdis.500.jigsaw-gender.bert-base-uncased.debiased.1.ckpt	78.2622243347006	52.757074598453904
biasdis.500.jigsaw-gender.bert-base-uncased.debiased.42.ckpt	77.30119185513989	54.05090107848729
biasdis.500.jigsaw-gender.bert-base-uncased.debiased.100.ckpt	78.34610431168403	52.961384053413035
biasdis.500.snli.bert-base-uncased.debiased.1.ckpt	78.21896792797594	54.82955575714196
biasdis.500.snli.bert-base-uncased.debiased.42.ckpt	78.05614285394397	54.73036579630783
biasdis.500.snli.bert-base-uncased.debiased.100.ckpt	78.72602291696495	54.879334551098665
biasdis.1000.mnli.bert-base-uncased.debiased.1.ckpt	78.01279266063125	52.48669594976442
biasdis.1000.mnli.bert-base-uncased.debiased.42.ckpt	78.44596435317324	54.5209677434565
biasdis.1000.mnli.bert-base-uncased.debiased.100.ckpt	77.25891980564644	52.748053111121585
biasdis.1000.jigsaw-gender.bert-base-uncased.debiased.1.ckpt	78.7306897560396	52.69623007159239
biasdis.1000.jigsaw-gender.bert-base-uncased.debiased.42.ckpt	78.50873430621057	53.03096521724707
biasdis.1000.jigsaw-gender.bert-base-uncased.debiased.100.ckpt	78.12463488766588	52.59440799728156
biasdis.1000.snli.bert-base-uncased.debiased.1.ckpt	77.33552149998927	52.60842169103038
biasdis.1000.snli.bert-base-uncased.debiased.42.ckpt	77.82767656714434	53.82499753009498
biasdis.1000.snli.bert-base-uncased.debiased.100.ckpt	78.82996030243658	54.76563053157256
biasdis.5000.mnli.bert-base-uncased.debiased.1.ckpt	77.33832860459547	53.83930636616794
biasdis.5000.mnli.bert-base-uncased.debiased.42.ckpt	77.87593501321638	54.24510579653008
biasdis.5000.mnli.bert-base-uncased.debiased.100.ckpt	78.0971608115911	52.095728516767984
biasdis.5000.jigsaw-gender.bert-base-uncased.debiased.1.ckpt	78.88435275970261	52.910187343520676
biasdis.5000.jigsaw-gender.bert-base-uncased.debiased.42.ckpt	75.56201551054124	54.815170561572366
biasdis.5000.jigsaw-gender.bert-base-uncased.debiased.100.ckpt	75.52906105546036	54.572838272838275
biasdis.5000.snli.bert-base-uncased.debiased.1.ckpt	79.16165017862919	54.42769118271367
biasdis.5000.snli.bert-base-uncased.debiased.42.ckpt	78.58124540515844	54.88265966454371
biasdis.5000.snli.bert-base-uncased.debiased.100.ckpt    78.82647258806679   54.33063400312276
biasdis.10000.mnli.bert-base-uncased.debiased.1.ckpt	78.07170537460392	54.87837691026096
biasdis.10000.mnli.bert-base-uncased.debiased.42.ckpt	78.06499030011024	55.659972736834305
biasdis.10000.mnli.bert-base-uncased.debiased.100.ckpt	78.72519494544733	55.3238224673507
biasdis.10000.jigsaw-gender.bert-base-uncased.debiased.1.ckpt	78.87108174970493	54.67444887372423
biasdis.10000.jigsaw-gender.bert-base-uncased.debiased.42.ckpt	78.38943870139522	55.66489973091673
biasdis.10000.jigsaw-gender.bert-base-uncased.debiased.100.ckpt	77.82814977376447	53.71032725672905
biasdis.10000.snli.bert-base-uncased.debiased.1.ckpt	77.66756883056233	53.8954716142872
biasdis.10000.snli.bert-base-uncased.debiased.42.ckpt	77.56096913340792	53.96523254634199
biasdis.10000.snli.bert-base-uncased.debiased.100.ckpt	78.46793445740224	54.07636177563714